[debug] [2025-11-19T14:04:07.745Z] ----------------------------------------------------------------------
[debug] [2025-11-19T14:04:07.747Z] Command:       C:\Program Files\nodejs\node.exe C:\Users\Fabian\AppData\Roaming\npm\node_modules\firebase-tools\lib\bin\firebase.js init
[debug] [2025-11-19T14:04:07.748Z] CLI Version:   14.25.1
[debug] [2025-11-19T14:04:07.749Z] Platform:      win32
[debug] [2025-11-19T14:04:07.749Z] Node Version:  v23.8.0
[debug] [2025-11-19T14:04:07.749Z] Time:          Wed Nov 19 2025 15:04:07 GMT+0100 (heure normale d’Europe centrale)
[debug] [2025-11-19T14:04:07.749Z] ----------------------------------------------------------------------
[debug] 
[debug] [2025-11-19T14:04:07.750Z] >>> [apiv2][query] GET https://firebase-public.firebaseio.com/cli.json [none]
[info] 
     ######## #### ########  ######## ########     ###     ######  ########
     ##        ##  ##     ## ##       ##     ##  ##   ##  ##       ##
     ######    ##  ########  ######   ########  #########  ######  ######
     ##        ##  ##    ##  ##       ##     ## ##     ##       ## ##
     ##       #### ##     ## ######## ########  ##     ##  ######  ########

You're about to initialize a Firebase project in this directory:

  C:\Users\Fabian\Desktop\EasterEgg\EasterEgg

[debug] [2025-11-19T14:04:08.074Z] <<< [apiv2][status] GET https://firebase-public.firebaseio.com/cli.json 200
[debug] [2025-11-19T14:04:08.074Z] <<< [apiv2][body] GET https://firebase-public.firebaseio.com/cli.json {"cloudBuildErrorAfter":1594252800000,"cloudBuildWarnAfter":1590019200000,"defaultNode10After":1594252800000,"minVersion":"3.0.5","node8DeploysDisabledAfter":1613390400000,"node8RuntimeDisabledAfter":1615809600000,"node8WarnAfter":1600128000000}
[debug] [2025-11-19T14:04:24.958Z] ExitPromptError: User force closed the prompt with SIGINT
    at Interface.sigint (C:\Users\Fabian\AppData\Roaming\npm\node_modules\firebase-tools\node_modules\@inquirer\core\dist\commonjs\lib\create-prompt.js:101:37)
    at Interface.emit (node:events:507:28)
    at Interface.emit (node:domain:489:12)
    at [_ttyWrite] [as _ttyWrite] (node:internal/readline/interface:1129:18)
    at ReadStream.onkeypress (node:internal/readline/interface:268:20)
    at ReadStream.emit (node:events:519:35)
    at ReadStream.emit (node:domain:489:12)
    at emitKeys (node:internal/readline/utils:370:14)
    at emitKeys.next (<anonymous>)
    at ReadStream.onData (node:internal/readline/emitKeypressEvents:64:36)
[error] 
[error] Error: An unexpected error has occurred.
